<?xml version="1.0" encoding="UTF-8"?>
<testsuite xmlns:xsi="http://www.w3.org/2001/XMLSchema-instance" xsi:noNamespaceSchemaLocation="https://maven.apache.org/surefire/maven-surefire-plugin/xsd/surefire-test-report-3.0.xsd" version="3.0" name="SeleniumCucumberGoogleTest.RunCucumberTest" time="2.808" tests="1" errors="0" skipped="0" failures="0">
  <properties>
[...]
</properties>
  <testcase name="Typing Selenium in Google gives more than 8 results" classname="Are there more than 8 search results for Selenium?" time="2.692">
    <system-out><![CDATA[
Scenario: Typing Selenium in Google gives more than 8 results &amp#27;[90m# SeleniumCucumberGoogleTest/how_many_results_are_there.feature:4&amp#27;[0m
  &amp#27;[32mGiven &amp#27;[0m&amp#27;[32mI search for Selenium in Google&amp#27;[0m                       &amp#27;[90m# SeleniumCucumberGoogleTest.StepDefinitions.goToGoogleAndSearchForSelenium()&amp#27;[0m
  &amp#27;[32mWhen &amp#27;[0m&amp#27;[32mI ask whether there are more than 8 results&amp#27;[0m            &amp#27;[90m# SeleniumCucumberGoogleTest.StepDefinitions.askWhetherThereAreMoreThanEightResults()&amp#27;[0m
  &amp#27;[32mThen &amp#27;[0m&amp#27;[32mI should be told &amp#27;[0m&amp#27;[32m&amp#27;[1m"yes"&amp#27;[0m                                 &amp#27;[90m# SeleniumCucumberGoogleTest.StepDefinitions.iShouldBeTold(java.lang.String)&amp#27;[0m
]]></system-out>
    <system-err><![CDATA[SLF4J: Failed to load class "org.slf4j.impl.StaticLoggerBinder".
SLF4J: Defaulting to no-operation (NOP) logger implementation
SLF4J: See http://www.slf4j.org/codes.html#StaticLoggerBinder for further details.
Starting ChromeDriver 99.0.4844.51 (d537ec02474b5afe23684e7963d538896c63ac77-refs/branch-heads/4844@{#875}) on port 59903
Only local connections are allowed.
Please see https://chromedriver.chromium.org/security-considerations for suggestions on keeping ChromeDriver safe.
ChromeDriver was started successfully.
März 08, 2022 2:28:39 AM org.openqa.selenium.remote.ProtocolHandshake createSession
INFO: Detected dialect: W3C
März 08, 2022 2:28:39 AM org.openqa.selenium.devtools.CdpVersionFinder findNearestMatch
WARNING: Unable to find an exact match for CDP version 99, so returning the closest version found: 97
März 08, 2022 2:28:39 AM org.openqa.selenium.devtools.CdpVersionFinder findNearestMatch
INFO: Found CDP implementation for version 99 of 97
]]></system-err>
  </testcase>
</testsuite>